Log file created: log/baizel.log
SDL Version: 2.32.4
SDL_image Version: 2.8.8
- Creating engine stuff
	Engine setup
	Audio system
	XML reader
	Graphics
	Input
Creating input device of type 0 as class baizel::iInputDevice * __ptr64
Creating input device of type 1 as class baizel::iInputDevice * __ptr64
	Application time
	Updater
	Time step
* ----------------------------------------------------
* Initializing engine
* ----------------------------------------------------
Video mode: 1280 x 720 with virtual size 800.0 x 600.0
Opening audio device: OpenAL Soft on Динамики (MCHOSE S9 PRO)
Audio device created
Audio context created
Key repeat: false
New clear color: 100 100 100
Ogg file 'music/raw_test/01.ogg' has been loaded
Ogg info: version: 0 channels: 2, bitrate_upper: 0, bitrate_nominal: 224003, bitrate_lower: 0, bitrate_window: 0, rate: 44100
* ----------------------------------------------------
* Running engine
* ----------------------------------------------------
* ----------------------------------------------------
* Exiting engine
* ----------------------------------------------------
Exiting audio system
- Deleting base stuff
	Player
	Engine
- Deleting engine stuff
	Audio system
	XML reader
	Graphics
	Input
	Application time
	Updater
	Time step
	Engine setup
- Exiting SDL
	SDL_image
	SDL
